[2026-06-04 16:13:58] local.ERROR: There are no commands defined in the "migrate:content" namespace.

Did you mean this?
    migrate {"exception":"[object] (Symfony\\Component\\Console\\Exception\\NamespaceNotFoundException(code: 0): There are no commands defined in the \"migrate:content\" namespace.

Did you mean this?
    migrate at /Users/moldokipgen/Projects/JAILAOI/jailaoi-new-admin/vendor/symfony/console/Application.php:678)
[stacktrace]
#0 /Users/moldokipgen/Projects/JAILAOI/jailaoi-new-admin/vendor/symfony/console/Descriptor/ApplicationDescription.php(87): Symfony\\Component\\Console\\Application->findNamespace('migrate:content')
#1 /Users/moldokipgen/Projects/JAILAOI/jailaoi-new-admin/vendor/symfony/console/Descriptor/ApplicationDescription.php(64): Symfony\\Component\\Console\\Descriptor\\ApplicationDescription->inspectApplication()
#2 /Users/moldokipgen/Projects/JAILAOI/jailaoi-new-admin/vendor/symfony/console/Descriptor/TextDescriptor.php(185): Symfony\\Component\\Console\\Descriptor\\ApplicationDescription->getCommands()
#3 /Users/moldokipgen/Projects/JAILAOI/jailaoi-new-admin/vendor/symfony/console/Descriptor/Descriptor.php(40): Symfony\\Component\\Console\\Descriptor\\TextDescriptor->describeApplication(Object(Illuminate\\Console\\Application), Array)
#4 /Users/moldokipgen/Projects/JAILAOI/jailaoi-new-admin/vendor/symfony/console/Helper/DescriptorHelper.php(69): Symfony\\Component\\Console\\Descriptor\\Descriptor->describe(Object(Symfony\\Component\\Console\\Output\\ConsoleOutput), Object(Illuminate\\Console\\Application), Array)
#5 /Users/moldokipgen/Projects/JAILAOI/jailaoi-new-admin/vendor/symfony/console/Command/ListCommand.php(66): Symfony\\Component\\Console\\Helper\\DescriptorHelper->describe(Object(Symfony\\Component\\Console\\Output\\ConsoleOutput), Object(Illuminate\\Console\\Application), Array)
#6 /Users/moldokipgen/Projects/JAILAOI/jailaoi-new-admin/vendor/symfony/console/Command/Command.php(326): Symfony\\Component\\Console\\Command\\ListCommand->execute(Object(Symfony\\Component\\Console\\Input\\ArgvInput), Object(Symfony\\Component\\Console\\Output\\ConsoleOutput))
#7 /Users/moldokipgen/Projects/JAILAOI/jailaoi-new-admin/vendor/symfony/console/Application.php(1106): Symfony\\Component\\Console\\Command\\Command->run(Object(Symfony\\Component\\Console\\Input\\ArgvInput), Object(Symfony\\Component\\Console\\Output\\ConsoleOutput))
#8 /Users/moldokipgen/Projects/JAILAOI/jailaoi-new-admin/vendor/symfony/console/Application.php(324): Symfony\\Component\\Console\\Application->doRunCommand(Object(Symfony\\Component\\Console\\Command\\ListCommand), Object(Symfony\\Component\\Console\\Input\\ArgvInput), Object(Symfony\\Component\\Console\\Output\\ConsoleOutput))
#9 /Users/moldokipgen/Projects/JAILAOI/jailaoi-new-admin/vendor/symfony/console/Application.php(175): Symfony\\Component\\Console\\Application->doRun(Object(Symfony\\Component\\Console\\Input\\ArgvInput), Object(Symfony\\Component\\Console\\Output\\ConsoleOutput))
#10 /Users/moldokipgen/Projects/JAILAOI/jailaoi-new-admin/vendor/laravel/framework/src/Illuminate/Foundation/Console/Kernel.php(201): Symfony\\Component\\Console\\Application->run(Object(Symfony\\Component\\Console\\Input\\ArgvInput), Object(Symfony\\Component\\Console\\Output\\ConsoleOutput))
#11 /Users/moldokipgen/Projects/JAILAOI/jailaoi-new-admin/artisan(35): Illuminate\\Foundation\\Console\\Kernel->handle(Object(Symfony\\Component\\Console\\Input\\ArgvInput), Object(Symfony\\Component\\Console\\Output\\ConsoleOutput))
#12 {main}
"} 
[2026-06-04 19:37:00] local.ERROR: SQLSTATE[42S22]: Column not found: 1054 Unknown column 'section_type' in 'where clause' (Connection: mysql, SQL: select exists(select * from `tbl_section` where (`section_type` = 8 and `title` = Latest Music)) as `exists`) {"exception":"[object] (Illuminate\\Database\\QueryException(code: 42S22): SQLSTATE[42S22]: Column not found: 1054 Unknown column 'section_type' in 'where clause' (Connection: mysql, SQL: select exists(select * from `tbl_section` where (`section_type` = 8 and `title` = Latest Music)) as `exists`) at /Users/moldokipgen/Projects/JAILAOI/Jailaoi App/Jailaoi admin/vendor/laravel/framework/src/Illuminate/Database/Connection.php:829)
[stacktrace]
#0 /Users/moldokipgen/Projects/JAILAOI/Jailaoi App/Jailaoi admin/vendor/laravel/framework/src/Illuminate/Database/Connection.php(783): Illuminate\\Database\\Connection->runQueryCallback('select exists(s...', Array, Object(Closure))
#1 /Users/moldokipgen/Projects/JAILAOI/Jailaoi App/Jailaoi admin/vendor/laravel/framework/src/Illuminate/Database/Connection.php(414): Illuminate\\Database\\Connection->run('select exists(s...', Array, Object(Closure))
#2 /Users/moldokipgen/Projects/JAILAOI/Jailaoi App/Jailaoi admin/vendor/laravel/framework/src/Illuminate/Database/Query/Builder.php(3255): Illuminate\\Database\\Connection->select('select exists(s...', Array, true)
#3 /Users/moldokipgen/Projects/JAILAOI/Jailaoi App/Jailaoi admin/vendor/laravel/framework/src/Illuminate/Database/Query/Builder.php(3637): Illuminate\\Database\\Query\\Builder->exists()
#4 /Users/moldokipgen/Projects/JAILAOI/Jailaoi App/Jailaoi admin/app/Console/Commands/SeedSections.php(112): Illuminate\\Database\\Query\\Builder->updateOrInsert(Array, Array)
#5 /Users/moldokipgen/Projects/JAILAOI/Jailaoi App/Jailaoi admin/vendor/laravel/framework/src/Illuminate/Container/BoundMethod.php(36): App\\Console\\Commands\\SeedSections->handle()
#6 /Users/moldokipgen/Projects/JAILAOI/Jailaoi App/Jailaoi admin/vendor/laravel/framework/src/Illuminate/Container/Util.php(41): Illuminate\\Container\\BoundMethod::{closure:Illuminate\\Container\\BoundMethod::call():35}()
#7 /Users/moldokipgen/Projects/JAILAOI/Jailaoi App/Jailaoi admin/vendor/laravel/framework/src/Illuminate/Container/BoundMethod.php(93): Illuminate\\Container\\Util::unwrapIfClosure(Object(Closure))
#8 /Users/moldokipgen/Projects/JAILAOI/Jailaoi App/Jailaoi admin/vendor/laravel/framework/src/Illuminate/Container/BoundMethod.php(35): Illuminate\\Container\\BoundMethod::callBoundMethod(Object(Illuminate\\Foundation\\Application), Array, Object(Closure))
#9 /Users/moldokipgen/Projects/JAILAOI/Jailaoi App/Jailaoi admin/vendor/laravel/framework/src/Illuminate/Container/Container.php(662): Illuminate\\Container\\BoundMethod::call(Object(Illuminate\\Foundation\\Application), Array, Array, NULL)
#10 /Users/moldokipgen/Projects/JAILAOI/Jailaoi App/Jailaoi admin/vendor/laravel/framework/src/Illuminate/Console/Command.php(211): Illuminate\\Container\\Container->call(Array)
#11 /Users/moldokipgen/Projects/JAILAOI/Jailaoi App/Jailaoi admin/vendor/symfony/console/Command/Command.php(326): Illuminate\\Console\\Command->execute(Object(Symfony\\Component\\Console\\Input\\ArgvInput), Object(Illuminate\\Console\\OutputStyle))
#12 /Users/moldokipgen/Projects/JAILAOI/Jailaoi App/Jailaoi admin/vendor/laravel/framework/src/Illuminate/Console/Command.php(180): Symfony\\Component\\Console\\Command\\Command->run(Object(Symfony\\Component\\Console\\Input\\ArgvInput), Object(Illuminate\\Console\\OutputStyle))
#13 /Users/moldokipgen/Projects/JAILAOI/Jailaoi App/Jailaoi admin/vendor/symfony/console/Application.php(1106): Illuminate\\Console\\Command->run(Object(Symfony\\Component\\Console\\Input\\ArgvInput), Object(Symfony\\Component\\Console\\Output\\ConsoleOutput))
#14 /Users/moldokipgen/Projects/JAILAOI/Jailaoi App/Jailaoi admin/vendor/symfony/console/Application.php(324): Symfony\\Component\\Console\\Application->doRunCommand(Object(App\\Console\\Commands\\SeedSections), Object(Symfony\\Component\\Console\\Input\\ArgvInput), Object(Symfony\\Component\\Console\\Output\\ConsoleOutput))
#15 /Users/moldokipgen/Projects/JAILAOI/Jailaoi App/Jailaoi admin/vendor/symfony/console/Application.php(175): Symfony\\Component\\Console\\Application->doRun(Object(Symfony\\Component\\Console\\Input\\ArgvInput), Object(Symfony\\Component\\Console\\Output\\ConsoleOutput))
#16 /Users/moldokipgen/Projects/JAILAOI/Jailaoi App/Jailaoi admin/vendor/laravel/framework/src/Illuminate/Foundation/Console/Kernel.php(201): Symfony\\Component\\Console\\Application->run(Object(Symfony\\Component\\Console\\Input\\ArgvInput), Object(Symfony\\Component\\Console\\Output\\ConsoleOutput))
#17 /Users/moldokipgen/Projects/JAILAOI/Jailaoi App/Jailaoi admin/artisan(35): Illuminate\\Foundation\\Console\\Kernel->handle(Object(Symfony\\Component\\Console\\Input\\ArgvInput), Object(Symfony\\Component\\Console\\Output\\ConsoleOutput))
#18 {main}

[previous exception] [object] (PDOException(code: 42S22): SQLSTATE[42S22]: Column not found: 1054 Unknown column 'section_type' in 'where clause' at /Users/moldokipgen/Projects/JAILAOI/Jailaoi App/Jailaoi admin/vendor/laravel/framework/src/Illuminate/Database/Connection.php:423)
[stacktrace]
#0 /Users/moldokipgen/Projects/JAILAOI/Jailaoi App/Jailaoi admin/vendor/laravel/framework/src/Illuminate/Database/Connection.php(423): PDO->prepare('select exists(s...')
#1 /Users/moldokipgen/Projects/JAILAOI/Jailaoi App/Jailaoi admin/vendor/laravel/framework/src/Illuminate/Database/Connection.php(816): Illuminate\\Database\\Connection->{closure:Illuminate\\Database\\Connection::select():414}('select exists(s...', Array)
#2 /Users/moldokipgen/Projects/JAILAOI/Jailaoi App/Jailaoi admin/vendor/laravel/framework/src/Illuminate/Database/Connection.php(783): Illuminate\\Database\\Connection->runQueryCallback('select exists(s...', Array, Object(Closure))
#3 /Users/moldokipgen/Projects/JAILAOI/Jailaoi App/Jailaoi admin/vendor/laravel/framework/src/Illuminate/Database/Connection.php(414): Illuminate\\Database\\Connection->run('select exists(s...', Array, Object(Closure))
#4 /Users/moldokipgen/Projects/JAILAOI/Jailaoi App/Jailaoi admin/vendor/laravel/framework/src/Illuminate/Database/Query/Builder.php(3255): Illuminate\\Database\\Connection->select('select exists(s...', Array, true)
#5 /Users/moldokipgen/Projects/JAILAOI/Jailaoi App/Jailaoi admin/vendor/laravel/framework/src/Illuminate/Database/Query/Builder.php(3637): Illuminate\\Database\\Query\\Builder->exists()
#6 /Users/moldokipgen/Projects/JAILAOI/Jailaoi App/Jailaoi admin/app/Console/Commands/SeedSections.php(112): Illuminate\\Database\\Query\\Builder->updateOrInsert(Array, Array)
#7 /Users/moldokipgen/Projects/JAILAOI/Jailaoi App/Jailaoi admin/vendor/laravel/framework/src/Illuminate/Container/BoundMethod.php(36): App\\Console\\Commands\\SeedSections->handle()
#8 /Users/moldokipgen/Projects/JAILAOI/Jailaoi App/Jailaoi admin/vendor/laravel/framework/src/Illuminate/Container/Util.php(41): Illuminate\\Container\\BoundMethod::{closure:Illuminate\\Container\\BoundMethod::call():35}()
#9 /Users/moldokipgen/Projects/JAILAOI/Jailaoi App/Jailaoi admin/vendor/laravel/framework/src/Illuminate/Container/BoundMethod.php(93): Illuminate\\Container\\Util::unwrapIfClosure(Object(Closure))
#10 /Users/moldokipgen/Projects/JAILAOI/Jailaoi App/Jailaoi admin/vendor/laravel/framework/src/Illuminate/Container/BoundMethod.php(35): Illuminate\\Container\\BoundMethod::callBoundMethod(Object(Illuminate\\Foundation\\Application), Array, Object(Closure))
#11 /Users/moldokipgen/Projects/JAILAOI/Jailaoi App/Jailaoi admin/vendor/laravel/framework/src/Illuminate/Container/Container.php(662): Illuminate\\Container\\BoundMethod::call(Object(Illuminate\\Foundation\\Application), Array, Array, NULL)
#12 /Users/moldokipgen/Projects/JAILAOI/Jailaoi App/Jailaoi admin/vendor/laravel/framework/src/Illuminate/Console/Command.php(211): Illuminate\\Container\\Container->call(Array)
#13 /Users/moldokipgen/Projects/JAILAOI/Jailaoi App/Jailaoi admin/vendor/symfony/console/Command/Command.php(326): Illuminate\\Console\\Command->execute(Object(Symfony\\Component\\Console\\Input\\ArgvInput), Object(Illuminate\\Console\\OutputStyle))
#14 /Users/moldokipgen/Projects/JAILAOI/Jailaoi App/Jailaoi admin/vendor/laravel/framework/src/Illuminate/Console/Command.php(180): Symfony\\Component\\Console\\Command\\Command->run(Object(Symfony\\Component\\Console\\Input\\ArgvInput), Object(Illuminate\\Console\\OutputStyle))
#15 /Users/moldokipgen/Projects/JAILAOI/Jailaoi App/Jailaoi admin/vendor/symfony/console/Application.php(1106): Illuminate\\Console\\Command->run(Object(Symfony\\Component\\Console\\Input\\ArgvInput), Object(Symfony\\Component\\Console\\Output\\ConsoleOutput))
#16 /Users/moldokipgen/Projects/JAILAOI/Jailaoi App/Jailaoi admin/vendor/symfony/console/Application.php(324): Symfony\\Component\\Console\\Application->doRunCommand(Object(App\\Console\\Commands\\SeedSections), Object(Symfony\\Component\\Console\\Input\\ArgvInput), Object(Symfony\\Component\\Console\\Output\\ConsoleOutput))
#17 /Users/moldokipgen/Projects/JAILAOI/Jailaoi App/Jailaoi admin/vendor/symfony/console/Application.php(175): Symfony\\Component\\Console\\Application->doRun(Object(Symfony\\Component\\Console\\Input\\ArgvInput), Object(Symfony\\Component\\Console\\Output\\ConsoleOutput))
#18 /Users/moldokipgen/Projects/JAILAOI/Jailaoi App/Jailaoi admin/vendor/laravel/framework/src/Illuminate/Foundation/Console/Kernel.php(201): Symfony\\Component\\Console\\Application->run(Object(Symfony\\Component\\Console\\Input\\ArgvInput), Object(Symfony\\Component\\Console\\Output\\ConsoleOutput))
#19 /Users/moldokipgen/Projects/JAILAOI/Jailaoi App/Jailaoi admin/artisan(35): Illuminate\\Foundation\\Console\\Kernel->handle(Object(Symfony\\Component\\Console\\Input\\ArgvInput), Object(Symfony\\Component\\Console\\Output\\ConsoleOutput))
#20 {main}
"} 
[2026-06-04 19:37:20] local.ERROR: SQLSTATE[42S02]: Base table or view not found: 1146 Table 'dt_radio.tbl_content' doesn't exist (Connection: mysql, SQL: alter table `tbl_content` add `album_id` bigint unsigned null after `language_id`, add `lyrics` text null after `description`, add `waveform_data` varchar(255) not null default '' after `content`) {"exception":"[object] (Illuminate\\Database\\QueryException(code: 42S02): SQLSTATE[42S02]: Base table or view not found: 1146 Table 'dt_radio.tbl_content' doesn't exist (Connection: mysql, SQL: alter table `tbl_content` add `album_id` bigint unsigned null after `language_id`, add `lyrics` text null after `description`, add `waveform_data` varchar(255) not null default '' after `content`) at /Users/moldokipgen/Projects/JAILAOI/Jailaoi App/Jailaoi admin/vendor/laravel/framework/src/Illuminate/Database/Connection.php:829)
[stacktrace]
#0 /Users/moldokipgen/Projects/JAILAOI/Jailaoi App/Jailaoi admin/vendor/laravel/framework/src/Illuminate/Database/Connection.php(783): Illuminate\\Database\\Connection->runQueryCallback('alter table `tb...', Array, Object(Closure))
#1 /Users/moldokipgen/Projects/JAILAOI/Jailaoi App/Jailaoi admin/vendor/laravel/framework/src/Illuminate/Database/Connection.php(576): Illuminate\\Database\\Connection->run('alter table `tb...', Array, Object(Closure))
#2 /Users/moldokipgen/Projects/JAILAOI/Jailaoi App/Jailaoi admin/vendor/laravel/framework/src/Illuminate/Database/Schema/Blueprint.php(110): Illuminate\\Database\\Connection->statement('alter table `tb...')
#3 /Users/moldokipgen/Projects/JAILAOI/Jailaoi App/Jailaoi admin/vendor/laravel/framework/src/Illuminate/Database/Schema/Builder.php(602): Illuminate\\Database\\Schema\\Blueprint->build(Object(Illuminate\\Database\\MySqlConnection), Object(Illuminate\\Database\\Schema\\Grammars\\MySqlGrammar))
#4 /Users/moldokipgen/Projects/JAILAOI/Jailaoi App/Jailaoi admin/vendor/laravel/framework/src/Illuminate/Database/Schema/Builder.php(444): Illuminate\\Database\\Schema\\Builder->build(Object(Illuminate\\Database\\Schema\\Blueprint))
#5 /Users/moldokipgen/Projects/JAILAOI/Jailaoi App/Jailaoi admin/vendor/laravel/framework/src/Illuminate/Support/Facades/Facade.php(355): Illuminate\\Database\\Schema\\Builder->table('tbl_content', Object(Closure))
#6 /Users/moldokipgen/Projects/JAILAOI/Jailaoi App/Jailaoi admin/database/migrations/2025_05_30_000001_create_album_and_music_features.php(26): Illuminate\\Support\\Facades\\Facade::__callStatic('table', Array)
#7 /Users/moldokipgen/Projects/JAILAOI/Jailaoi App/Jailaoi admin/vendor/laravel/framework/src/Illuminate/Database/Migrations/Migrator.php(501): Illuminate\\Database\\Migrations\\Migration@anonymous->up()
#8 /Users/moldokipgen/Projects/JAILAOI/Jailaoi App/Jailaoi admin/vendor/laravel/framework/src/Illuminate/Database/Migrations/Migrator.php(418): Illuminate\\Database\\Migrations\\Migrator->runMethod(Object(Illuminate\\Database\\MySqlConnection), Object(Illuminate\\Database\\Migrations\\Migration@anonymous), 'up')
#9 /Users/moldokipgen/Projects/JAILAOI/Jailaoi App/Jailaoi admin/vendor/laravel/framework/src/Illuminate/Database/Migrations/Migrator.php(427): Illuminate\\Database\\Migrations\\Migrator->{closure:Illuminate\\Database\\Migrations\\Migrator::runMigration():414}()
#10 /Users/moldokipgen/Projects/JAILAOI/Jailaoi App/Jailaoi admin/vendor/laravel/framework/src/Illuminate/Database/Migrations/Migrator.php(224): Illuminate\\Database\\Migrations\\Migrator->runMigration(Object(Illuminate\\Database\\Migrations\\Migration@anonymous), 'up')
#11 /Users/moldokipgen/Projects/JAILAOI/Jailaoi App/Jailaoi admin/vendor/laravel/framework/src/Illuminate/Console/View/Components/Task.php(37): Illuminate\\Database\\Migrations\\Migrator->{closure:Illuminate\\Database\\Migrations\\Migrator::runUp():224}()
#12 /Users/moldokipgen/Projects/JAILAOI/Jailaoi App/Jailaoi admin/vendor/laravel/framework/src/Illuminate/Database/Migrations/Migrator.php(783): Illuminate\\Console\\View\\Components\\Task->render('2025_05_30_0000...', Object(Closure))
#13 /Users/moldokipgen/Projects/JAILAOI/Jailaoi App/Jailaoi admin/vendor/laravel/framework/src/Illuminate/Database/Migrations/Migrator.php(224): Illuminate\\Database\\Migrations\\Migrator->write('Illuminate\\\\Cons...', '2025_05_30_0000...', Object(Closure))
#14 /Users/moldokipgen/Projects/JAILAOI/Jailaoi App/Jailaoi admin/vendor/laravel/framework/src/Illuminate/Database/Migrations/Migrator.php(189): Illuminate\\Database\\Migrations\\Migrator->runUp('/Users/moldokip...', 5, false)
#15 /Users/moldokipgen/Projects/JAILAOI/Jailaoi App/Jailaoi admin/vendor/laravel/framework/src/Illuminate/Database/Migrations/Migrator.php(132): Illuminate\\Database\\Migrations\\Migrator->runPending(Array, Array)
#16 /Users/moldokipgen/Projects/JAILAOI/Jailaoi App/Jailaoi admin/vendor/laravel/framework/src/Illuminate/Database/Console/Migrations/MigrateCommand.php(90): Illuminate\\Database\\Migrations\\Migrator->run(Array, Array)
#17 /Users/moldokipgen/Projects/JAILAOI/Jailaoi App/Jailaoi admin/vendor/laravel/framework/src/Illuminate/Database/Migrations/Migrator.php(641): Illuminate\\Database\\Console\\Migrations\\MigrateCommand->{closure:Illuminate\\Database\\Console\\Migrations\\MigrateCommand::handle():83}()
#18 /Users/moldokipgen/Projects/JAILAOI/Jailaoi App/Jailaoi admin/vendor/laravel/framework/src/Illuminate/Database/Console/Migrations/MigrateCommand.php(83): Illuminate\\Database\\Migrations\\Migrator->usingConnection(NULL, Object(Closure))
#19 /Users/moldokipgen/Projects/JAILAOI/Jailaoi App/Jailaoi admin/vendor/laravel/framework/src/Illuminate/Container/BoundMethod.php(36): Illuminate\\Database\\Console\\Migrations\\MigrateCommand->handle()
#20 /Users/moldokipgen/Projects/JAILAOI/Jailaoi App/Jailaoi admin/vendor/laravel/framework/src/Illuminate/Container/Util.php(41): Illuminate\\Container\\BoundMethod::{closure:Illuminate\\Container\\BoundMethod::call():35}()
#21 /Users/moldokipgen/Projects/JAILAOI/Jailaoi App/Jailaoi admin/vendor/laravel/framework/src/Illuminate/Container/BoundMethod.php(93): Illuminate\\Container\\Util::unwrapIfClosure(Object(Closure))
#22 /Users/moldokipgen/Projects/JAILAOI/Jailaoi App/Jailaoi admin/vendor/laravel/framework/src/Illuminate/Container/BoundMethod.php(35): Illuminate\\Container\\BoundMethod::callBoundMethod(Object(Illuminate\\Foundation\\Application), Array, Object(Closure))
#23 /Users/moldokipgen/Projects/JAILAOI/Jailaoi App/Jailaoi admin/vendor/laravel/framework/src/Illuminate/Container/Container.php(662): Illuminate\\Container\\BoundMethod::call(Object(Illuminate\\Foundation\\Application), Array, Array, NULL)
#24 /Users/moldokipgen/Projects/JAILAOI/Jailaoi App/Jailaoi admin/vendor/laravel/framework/src/Illuminate/Console/Command.php(211): Illuminate\\Container\\Container->call(Array)
#25 /Users/moldokipgen/Projects/JAILAOI/Jailaoi App/Jailaoi admin/vendor/symfony/console/Command/Command.php(326): Illuminate\\Console\\Command->execute(Object(Symfony\\Component\\Console\\Input\\ArgvInput), Object(Illuminate\\Console\\OutputStyle))
#26 /Users/moldokipgen/Projects/JAILAOI/Jailaoi App/Jailaoi admin/vendor/laravel/framework/src/Illuminate/Console/Command.php(180): Symfony\\Component\\Console\\Command\\Command->run(Object(Symfony\\Component\\Console\\Input\\ArgvInput), Object(Illuminate\\Console\\OutputStyle))
#27 /Users/moldokipgen/Projects/JAILAOI/Jailaoi App/Jailaoi admin/vendor/symfony/console/Application.php(1106): Illuminate\\Console\\Command->run(Object(Symfony\\Component\\Console\\Input\\ArgvInput), Object(Symfony\\Component\\Console\\Output\\ConsoleOutput))
#28 /Users/moldokipgen/Projects/JAILAOI/Jailaoi App/Jailaoi admin/vendor/symfony/console/Application.php(324): Symfony\\Component\\Console\\Application->doRunCommand(Object(Illuminate\\Database\\Console\\Migrations\\MigrateCommand), Object(Symfony\\Component\\Console\\Input\\ArgvInput), Object(Symfony\\Component\\Console\\Output\\ConsoleOutput))
#29 /Users/moldokipgen/Projects/JAILAOI/Jailaoi App/Jailaoi admin/vendor/symfony/console/Application.php(175): Symfony\\Component\\Console\\Application->doRun(Object(Symfony\\Component\\Console\\Input\\ArgvInput), Object(Symfony\\Component\\Console\\Output\\ConsoleOutput))
#30 /Users/moldokipgen/Projects/JAILAOI/Jailaoi App/Jailaoi admin/vendor/laravel/framework/src/Illuminate/Foundation/Console/Kernel.php(201): Symfony\\Component\\Console\\Application->run(Object(Symfony\\Component\\Console\\Input\\ArgvInput), Object(Symfony\\Component\\Console\\Output\\ConsoleOutput))
#31 /Users/moldokipgen/Projects/JAILAOI/Jailaoi App/Jailaoi admin/artisan(35): Illuminate\\Foundation\\Console\\Kernel->handle(Object(Symfony\\Component\\Console\\Input\\ArgvInput), Object(Symfony\\Component\\Console\\Output\\ConsoleOutput))
#32 {main}

[previous exception] [object] (PDOException(code: 42S02): SQLSTATE[42S02]: Base table or view not found: 1146 Table 'dt_radio.tbl_content' doesn't exist at /Users/moldokipgen/Projects/JAILAOI/Jailaoi App/Jailaoi admin/vendor/laravel/framework/src/Illuminate/Database/Connection.php:587)
[stacktrace]
#0 /Users/moldokipgen/Projects/JAILAOI/Jailaoi App/Jailaoi admin/vendor/laravel/framework/src/Illuminate/Database/Connection.php(587): PDOStatement->execute()
#1 /Users/moldokipgen/Projects/JAILAOI/Jailaoi App/Jailaoi admin/vendor/laravel/framework/src/Illuminate/Database/Connection.php(816): Illuminate\\Database\\Connection->{closure:Illuminate\\Database\\Connection::statement():576}('alter table `tb...', Array)
#2 /Users/moldokipgen/Projects/JAILAOI/Jailaoi App/Jailaoi admin/vendor/laravel/framework/src/Illuminate/Database/Connection.php(783): Illuminate\\Database\\Connection->runQueryCallback('alter table `tb...', Array, Object(Closure))
#3 /Users/moldokipgen/Projects/JAILAOI/Jailaoi App/Jailaoi admin/vendor/laravel/framework/src/Illuminate/Database/Connection.php(576): Illuminate\\Database\\Connection->run('alter table `tb...', Array, Object(Closure))
#4 /Users/moldokipgen/Projects/JAILAOI/Jailaoi App/Jailaoi admin/vendor/laravel/framework/src/Illuminate/Database/Schema/Blueprint.php(110): Illuminate\\Database\\Connection->statement('alter table `tb...')
#5 /Users/moldokipgen/Projects/JAILAOI/Jailaoi App/Jailaoi admin/vendor/laravel/framework/src/Illuminate/Database/Schema/Builder.php(602): Illuminate\\Database\\Schema\\Blueprint->build(Object(Illuminate\\Database\\MySqlConnection), Object(Illuminate\\Database\\Schema\\Grammars\\MySqlGrammar))
#6 /Users/moldokipgen/Projects/JAILAOI/Jailaoi App/Jailaoi admin/vendor/laravel/framework/src/Illuminate/Database/Schema/Builder.php(444): Illuminate\\Database\\Schema\\Builder->build(Object(Illuminate\\Database\\Schema\\Blueprint))
#7 /Users/moldokipgen/Projects/JAILAOI/Jailaoi App/Jailaoi admin/vendor/laravel/framework/src/Illuminate/Support/Facades/Facade.php(355): Illuminate\\Database\\Schema\\Builder->table('tbl_content', Object(Closure))
#8 /Users/moldokipgen/Projects/JAILAOI/Jailaoi App/Jailaoi admin/database/migrations/2025_05_30_000001_create_album_and_music_features.php(26): Illuminate\\Support\\Facades\\Facade::__callStatic('table', Array)
#9 /Users/moldokipgen/Projects/JAILAOI/Jailaoi App/Jailaoi admin/vendor/laravel/framework/src/Illuminate/Database/Migrations/Migrator.php(501): Illuminate\\Database\\Migrations\\Migration@anonymous->up()
#10 /Users/moldokipgen/Projects/JAILAOI/Jailaoi App/Jailaoi admin/vendor/laravel/framework/src/Illuminate/Database/Migrations/Migrator.php(418): Illuminate\\Database\\Migrations\\Migrator->runMethod(Object(Illuminate\\Database\\MySqlConnection), Object(Illuminate\\Database\\Migrations\\Migration@anonymous), 'up')
#11 /Users/moldokipgen/Projects/JAILAOI/Jailaoi App/Jailaoi admin/vendor/laravel/framework/src/Illuminate/Database/Migrations/Migrator.php(427): Illuminate\\Database\\Migrations\\Migrator->{closure:Illuminate\\Database\\Migrations\\Migrator::runMigration():414}()
#12 /Users/moldokipgen/Projects/JAILAOI/Jailaoi App/Jailaoi admin/vendor/laravel/framework/src/Illuminate/Database/Migrations/Migrator.php(224): Illuminate\\Database\\Migrations\\Migrator->runMigration(Object(Illuminate\\Database\\Migrations\\Migration@anonymous), 'up')
#13 /Users/moldokipgen/Projects/JAILAOI/Jailaoi App/Jailaoi admin/vendor/laravel/framework/src/Illuminate/Console/View/Components/Task.php(37): Illuminate\\Database\\Migrations\\Migrator->{closure:Illuminate\\Database\\Migrations\\Migrator::runUp():224}()
#14 /Users/moldokipgen/Projects/JAILAOI/Jailaoi App/Jailaoi admin/vendor/laravel/framework/src/Illuminate/Database/Migrations/Migrator.php(783): Illuminate\\Console\\View\\Components\\Task->render('2025_05_30_0000...', Object(Closure))
#15 /Users/moldokipgen/Projects/JAILAOI/Jailaoi App/Jailaoi admin/vendor/laravel/framework/src/Illuminate/Database/Migrations/Migrator.php(224): Illuminate\\Database\\Migrations\\Migrator->write('Illuminate\\\\Cons...', '2025_05_30_0000...', Object(Closure))
#16 /Users/moldokipgen/Projects/JAILAOI/Jailaoi App/Jailaoi admin/vendor/laravel/framework/src/Illuminate/Database/Migrations/Migrator.php(189): Illuminate\\Database\\Migrations\\Migrator->runUp('/Users/moldokip...', 5, false)
#17 /Users/moldokipgen/Projects/JAILAOI/Jailaoi App/Jailaoi admin/vendor/laravel/framework/src/Illuminate/Database/Migrations/Migrator.php(132): Illuminate\\Database\\Migrations\\Migrator->runPending(Array, Array)
#18 /Users/moldokipgen/Projects/JAILAOI/Jailaoi App/Jailaoi admin/vendor/laravel/framework/src/Illuminate/Database/Console/Migrations/MigrateCommand.php(90): Illuminate\\Database\\Migrations\\Migrator->run(Array, Array)
#19 /Users/moldokipgen/Projects/JAILAOI/Jailaoi App/Jailaoi admin/vendor/laravel/framework/src/Illuminate/Database/Migrations/Migrator.php(641): Illuminate\\Database\\Console\\Migrations\\MigrateCommand->{closure:Illuminate\\Database\\Console\\Migrations\\MigrateCommand::handle():83}()
#20 /Users/moldokipgen/Projects/JAILAOI/Jailaoi App/Jailaoi admin/vendor/laravel/framework/src/Illuminate/Database/Console/Migrations/MigrateCommand.php(83): Illuminate\\Database\\Migrations\\Migrator->usingConnection(NULL, Object(Closure))
#21 /Users/moldokipgen/Projects/JAILAOI/Jailaoi App/Jailaoi admin/vendor/laravel/framework/src/Illuminate/Container/BoundMethod.php(36): Illuminate\\Database\\Console\\Migrations\\MigrateCommand->handle()
#22 /Users/moldokipgen/Projects/JAILAOI/Jailaoi App/Jailaoi admin/vendor/laravel/framework/src/Illuminate/Container/Util.php(41): Illuminate\\Container\\BoundMethod::{closure:Illuminate\\Container\\BoundMethod::call():35}()
#23 /Users/moldokipgen/Projects/JAILAOI/Jailaoi App/Jailaoi admin/vendor/laravel/framework/src/Illuminate/Container/BoundMethod.php(93): Illuminate\\Container\\Util::unwrapIfClosure(Object(Closure))
#24 /Users/moldokipgen/Projects/JAILAOI/Jailaoi App/Jailaoi admin/vendor/laravel/framework/src/Illuminate/Container/BoundMethod.php(35): Illuminate\\Container\\BoundMethod::callBoundMethod(Object(Illuminate\\Foundation\\Application), Array, Object(Closure))
#25 /Users/moldokipgen/Projects/JAILAOI/Jailaoi App/Jailaoi admin/vendor/laravel/framework/src/Illuminate/Container/Container.php(662): Illuminate\\Container\\BoundMethod::call(Object(Illuminate\\Foundation\\Application), Array, Array, NULL)
#26 /Users/moldokipgen/Projects/JAILAOI/Jailaoi App/Jailaoi admin/vendor/laravel/framework/src/Illuminate/Console/Command.php(211): Illuminate\\Container\\Container->call(Array)
#27 /Users/moldokipgen/Projects/JAILAOI/Jailaoi App/Jailaoi admin/vendor/symfony/console/Command/Command.php(326): Illuminate\\Console\\Command->execute(Object(Symfony\\Component\\Console\\Input\\ArgvInput), Object(Illuminate\\Console\\OutputStyle))
#28 /Users/moldokipgen/Projects/JAILAOI/Jailaoi App/Jailaoi admin/vendor/laravel/framework/src/Illuminate/Console/Command.php(180): Symfony\\Component\\Console\\Command\\Command->run(Object(Symfony\\Component\\Console\\Input\\ArgvInput), Object(Illuminate\\Console\\OutputStyle))
#29 /Users/moldokipgen/Projects/JAILAOI/Jailaoi App/Jailaoi admin/vendor/symfony/console/Application.php(1106): Illuminate\\Console\\Command->run(Object(Symfony\\Component\\Console\\Input\\ArgvInput), Object(Symfony\\Component\\Console\\Output\\ConsoleOutput))
#30 /Users/moldokipgen/Projects/JAILAOI/Jailaoi App/Jailaoi admin/vendor/symfony/console/Application.php(324): Symfony\\Component\\Console\\Application->doRunCommand(Object(Illuminate\\Database\\Console\\Migrations\\MigrateCommand), Object(Symfony\\Component\\Console\\Input\\ArgvInput), Object(Symfony\\Component\\Console\\Output\\ConsoleOutput))
#31 /Users/moldokipgen/Projects/JAILAOI/Jailaoi App/Jailaoi admin/vendor/symfony/console/Application.php(175): Symfony\\Component\\Console\\Application->doRun(Object(Symfony\\Component\\Console\\Input\\ArgvInput), Object(Symfony\\Component\\Console\\Output\\ConsoleOutput))
#32 /Users/moldokipgen/Projects/JAILAOI/Jailaoi App/Jailaoi admin/vendor/laravel/framework/src/Illuminate/Foundation/Console/Kernel.php(201): Symfony\\Component\\Console\\Application->run(Object(Symfony\\Component\\Console\\Input\\ArgvInput), Object(Symfony\\Component\\Console\\Output\\ConsoleOutput))
#33 /Users/moldokipgen/Projects/JAILAOI/Jailaoi App/Jailaoi admin/artisan(35): Illuminate\\Foundation\\Console\\Kernel->handle(Object(Symfony\\Component\\Console\\Input\\ArgvInput), Object(Symfony\\Component\\Console\\Output\\ConsoleOutput))
#34 {main}
"} 
[2026-06-04 19:37:38] local.ERROR: Command "db:select" is not defined.

Did you mean one of these?
    db
    db:monitor
    db:seed
    db:show
    db:table
    db:wipe {"exception":"[object] (Symfony\\Component\\Console\\Exception\\CommandNotFoundException(code: 0): Command \"db:select\" is not defined.

Did you mean one of these?
    db
    db:monitor
    db:seed
    db:show
    db:table
    db:wipe at /Users/moldokipgen/Projects/JAILAOI/Jailaoi App/Jailaoi admin/vendor/symfony/console/Application.php:745)
[stacktrace]
#0 /Users/moldokipgen/Projects/JAILAOI/Jailaoi App/Jailaoi admin/vendor/symfony/console/Application.php(266): Symfony\\Component\\Console\\Application->find('db:select')
#1 /Users/moldokipgen/Projects/JAILAOI/Jailaoi App/Jailaoi admin/vendor/symfony/console/Application.php(175): Symfony\\Component\\Console\\Application->doRun(Object(Symfony\\Component\\Console\\Input\\ArgvInput), Object(Symfony\\Component\\Console\\Output\\ConsoleOutput))
#2 /Users/moldokipgen/Projects/JAILAOI/Jailaoi App/Jailaoi admin/vendor/laravel/framework/src/Illuminate/Foundation/Console/Kernel.php(201): Symfony\\Component\\Console\\Application->run(Object(Symfony\\Component\\Console\\Input\\ArgvInput), Object(Symfony\\Component\\Console\\Output\\ConsoleOutput))
#3 /Users/moldokipgen/Projects/JAILAOI/Jailaoi App/Jailaoi admin/artisan(35): Illuminate\\Foundation\\Console\\Kernel->handle(Object(Symfony\\Component\\Console\\Input\\ArgvInput), Object(Symfony\\Component\\Console\\Output\\ConsoleOutput))
#4 {main}
"} 
[2026-06-04 19:37:49] local.ERROR: SQLSTATE[42S02]: Base table or view not found: 1146 Table 'dt_radio.tbl_content' doesn't exist (Connection: mysql, SQL: alter table `tbl_content` add `album_id` bigint unsigned null after `language_id`, add `lyrics` text null after `description`, add `waveform_data` varchar(255) not null default '' after `content`) {"exception":"[object] (Illuminate\\Database\\QueryException(code: 42S02): SQLSTATE[42S02]: Base table or view not found: 1146 Table 'dt_radio.tbl_content' doesn't exist (Connection: mysql, SQL: alter table `tbl_content` add `album_id` bigint unsigned null after `language_id`, add `lyrics` text null after `description`, add `waveform_data` varchar(255) not null default '' after `content`) at /Users/moldokipgen/Projects/JAILAOI/Jailaoi App/Jailaoi admin/vendor/laravel/framework/src/Illuminate/Database/Connection.php:829)
[stacktrace]
#0 /Users/moldokipgen/Projects/JAILAOI/Jailaoi App/Jailaoi admin/vendor/laravel/framework/src/Illuminate/Database/Connection.php(783): Illuminate\\Database\\Connection->runQueryCallback('alter table `tb...', Array, Object(Closure))
#1 /Users/moldokipgen/Projects/JAILAOI/Jailaoi App/Jailaoi admin/vendor/laravel/framework/src/Illuminate/Database/Connection.php(576): Illuminate\\Database\\Connection->run('alter table `tb...', Array, Object(Closure))
#2 /Users/moldokipgen/Projects/JAILAOI/Jailaoi App/Jailaoi admin/vendor/laravel/framework/src/Illuminate/Database/Schema/Blueprint.php(110): Illuminate\\Database\\Connection->statement('alter table `tb...')
#3 /Users/moldokipgen/Projects/JAILAOI/Jailaoi App/Jailaoi admin/vendor/laravel/framework/src/Illuminate/Database/Schema/Builder.php(602): Illuminate\\Database\\Schema\\Blueprint->build(Object(Illuminate\\Database\\MySqlConnection), Object(Illuminate\\Database\\Schema\\Grammars\\MySqlGrammar))
#4 /Users/moldokipgen/Projects/JAILAOI/Jailaoi App/Jailaoi admin/vendor/laravel/framework/src/Illuminate/Database/Schema/Builder.php(444): Illuminate\\Database\\Schema\\Builder->build(Object(Illuminate\\Database\\Schema\\Blueprint))
#5 /Users/moldokipgen/Projects/JAILAOI/Jailaoi App/Jailaoi admin/vendor/laravel/framework/src/Illuminate/Support/Facades/Facade.php(355): Illuminate\\Database\\Schema\\Builder->table('tbl_content', Object(Closure))
#6 /Users/moldokipgen/Projects/JAILAOI/Jailaoi App/Jailaoi admin/database/migrations/2025_05_30_000001_create_album_and_music_features.php(27): Illuminate\\Support\\Facades\\Facade::__callStatic('table', Array)
#7 /Users/moldokipgen/Projects/JAILAOI/Jailaoi App/Jailaoi admin/vendor/laravel/framework/src/Illuminate/Database/Migrations/Migrator.php(501): Illuminate\\Database\\Migrations\\Migration@anonymous->up()
#8 /Users/moldokipgen/Projects/JAILAOI/Jailaoi App/Jailaoi admin/vendor/laravel/framework/src/Illuminate/Database/Migrations/Migrator.php(418): Illuminate\\Database\\Migrations\\Migrator->runMethod(Object(Illuminate\\Database\\MySqlConnection), Object(Illuminate\\Database\\Migrations\\Migration@anonymous), 'up')
#9 /Users/moldokipgen/Projects/JAILAOI/Jailaoi App/Jailaoi admin/vendor/laravel/framework/src/Illuminate/Database/Migrations/Migrator.php(427): Illuminate\\Database\\Migrations\\Migrator->{closure:Illuminate\\Database\\Migrations\\Migrator::runMigration():414}()
#10 /Users/moldokipgen/Projects/JAILAOI/Jailaoi App/Jailaoi admin/vendor/laravel/framework/src/Illuminate/Database/Migrations/Migrator.php(224): Illuminate\\Database\\Migrations\\Migrator->runMigration(Object(Illuminate\\Database\\Migrations\\Migration@anonymous), 'up')
#11 /Users/moldokipgen/Projects/JAILAOI/Jailaoi App/Jailaoi admin/vendor/laravel/framework/src/Illuminate/Console/View/Components/Task.php(37): Illuminate\\Database\\Migrations\\Migrator->{closure:Illuminate\\Database\\Migrations\\Migrator::runUp():224}()
#12 /Users/moldokipgen/Projects/JAILAOI/Jailaoi App/Jailaoi admin/vendor/laravel/framework/src/Illuminate/Database/Migrations/Migrator.php(783): Illuminate\\Console\\View\\Components\\Task->render('2025_05_30_0000...', Object(Closure))
#13 /Users/moldokipgen/Projects/JAILAOI/Jailaoi App/Jailaoi admin/vendor/laravel/framework/src/Illuminate/Database/Migrations/Migrator.php(224): Illuminate\\Database\\Migrations\\Migrator->write('Illuminate\\\\Cons...', '2025_05_30_0000...', Object(Closure))
#14 /Users/moldokipgen/Projects/JAILAOI/Jailaoi App/Jailaoi admin/vendor/laravel/framework/src/Illuminate/Database/Migrations/Migrator.php(189): Illuminate\\Database\\Migrations\\Migrator->runUp('/Users/moldokip...', 6, false)
#15 /Users/moldokipgen/Projects/JAILAOI/Jailaoi App/Jailaoi admin/vendor/laravel/framework/src/Illuminate/Database/Migrations/Migrator.php(132): Illuminate\\Database\\Migrations\\Migrator->runPending(Array, Array)
#16 /Users/moldokipgen/Projects/JAILAOI/Jailaoi App/Jailaoi admin/vendor/laravel/framework/src/Illuminate/Database/Console/Migrations/MigrateCommand.php(90): Illuminate\\Database\\Migrations\\Migrator->run(Array, Array)
#17 /Users/moldokipgen/Projects/JAILAOI/Jailaoi App/Jailaoi admin/vendor/laravel/framework/src/Illuminate/Database/Migrations/Migrator.php(641): Illuminate\\Database\\Console\\Migrations\\MigrateCommand->{closure:Illuminate\\Database\\Console\\Migrations\\MigrateCommand::handle():83}()
#18 /Users/moldokipgen/Projects/JAILAOI/Jailaoi App/Jailaoi admin/vendor/laravel/framework/src/Illuminate/Database/Console/Migrations/MigrateCommand.php(83): Illuminate\\Database\\Migrations\\Migrator->usingConnection(NULL, Object(Closure))
#19 /Users/moldokipgen/Projects/JAILAOI/Jailaoi App/Jailaoi admin/vendor/laravel/framework/src/Illuminate/Container/BoundMethod.php(36): Illuminate\\Database\\Console\\Migrations\\MigrateCommand->handle()
#20 /Users/moldokipgen/Projects/JAILAOI/Jailaoi App/Jailaoi admin/vendor/laravel/framework/src/Illuminate/Container/Util.php(41): Illuminate\\Container\\BoundMethod::{closure:Illuminate\\Container\\BoundMethod::call():35}()
#21 /Users/moldokipgen/Projects/JAILAOI/Jailaoi App/Jailaoi admin/vendor/laravel/framework/src/Illuminate/Container/BoundMethod.php(93): Illuminate\\Container\\Util::unwrapIfClosure(Object(Closure))
#22 /Users/moldokipgen/Projects/JAILAOI/Jailaoi App/Jailaoi admin/vendor/laravel/framework/src/Illuminate/Container/BoundMethod.php(35): Illuminate\\Container\\BoundMethod::callBoundMethod(Object(Illuminate\\Foundation\\Application), Array, Object(Closure))
#23 /Users/moldokipgen/Projects/JAILAOI/Jailaoi App/Jailaoi admin/vendor/laravel/framework/src/Illuminate/Container/Container.php(662): Illuminate\\Container\\BoundMethod::call(Object(Illuminate\\Foundation\\Application), Array, Array, NULL)
#24 /Users/moldokipgen/Projects/JAILAOI/Jailaoi App/Jailaoi admin/vendor/laravel/framework/src/Illuminate/Console/Command.php(211): Illuminate\\Container\\Container->call(Array)
#25 /Users/moldokipgen/Projects/JAILAOI/Jailaoi App/Jailaoi admin/vendor/symfony/console/Command/Command.php(326): Illuminate\\Console\\Command->execute(Object(Symfony\\Component\\Console\\Input\\ArgvInput), Object(Illuminate\\Console\\OutputStyle))
#26 /Users/moldokipgen/Projects/JAILAOI/Jailaoi App/Jailaoi admin/vendor/laravel/framework/src/Illuminate/Console/Command.php(180): Symfony\\Component\\Console\\Command\\Command->run(Object(Symfony\\Component\\Console\\Input\\ArgvInput), Object(Illuminate\\Console\\OutputStyle))
#27 /Users/moldokipgen/Projects/JAILAOI/Jailaoi App/Jailaoi admin/vendor/symfony/console/Application.php(1106): Illuminate\\Console\\Command->run(Object(Symfony\\Component\\Console\\Input\\ArgvInput), Object(Symfony\\Component\\Console\\Output\\ConsoleOutput))
#28 /Users/moldokipgen/Projects/JAILAOI/Jailaoi App/Jailaoi admin/vendor/symfony/console/Application.php(324): Symfony\\Component\\Console\\Application->doRunCommand(Object(Illuminate\\Database\\Console\\Migrations\\MigrateCommand), Object(Symfony\\Component\\Console\\Input\\ArgvInput), Object(Symfony\\Component\\Console\\Output\\ConsoleOutput))
#29 /Users/moldokipgen/Projects/JAILAOI/Jailaoi App/Jailaoi admin/vendor/symfony/console/Application.php(175): Symfony\\Component\\Console\\Application->doRun(Object(Symfony\\Component\\Console\\Input\\ArgvInput), Object(Symfony\\Component\\Console\\Output\\ConsoleOutput))
#30 /Users/moldokipgen/Projects/JAILAOI/Jailaoi App/Jailaoi admin/vendor/laravel/framework/src/Illuminate/Foundation/Console/Kernel.php(201): Symfony\\Component\\Console\\Application->run(Object(Symfony\\Component\\Console\\Input\\ArgvInput), Object(Symfony\\Component\\Console\\Output\\ConsoleOutput))
#31 /Users/moldokipgen/Projects/JAILAOI/Jailaoi App/Jailaoi admin/artisan(35): Illuminate\\Foundation\\Console\\Kernel->handle(Object(Symfony\\Component\\Console\\Input\\ArgvInput), Object(Symfony\\Component\\Console\\Output\\ConsoleOutput))
#32 {main}

[previous exception] [object] (PDOException(code: 42S02): SQLSTATE[42S02]: Base table or view not found: 1146 Table 'dt_radio.tbl_content' doesn't exist at /Users/moldokipgen/Projects/JAILAOI/Jailaoi App/Jailaoi admin/vendor/laravel/framework/src/Illuminate/Database/Connection.php:587)
[stacktrace]
#0 /Users/moldokipgen/Projects/JAILAOI/Jailaoi App/Jailaoi admin/vendor/laravel/framework/src/Illuminate/Database/Connection.php(587): PDOStatement->execute()
#1 /Users/moldokipgen/Projects/JAILAOI/Jailaoi App/Jailaoi admin/vendor/laravel/framework/src/Illuminate/Database/Connection.php(816): Illuminate\\Database\\Connection->{closure:Illuminate\\Database\\Connection::statement():576}('alter table `tb...', Array)
#2 /Users/moldokipgen/Projects/JAILAOI/Jailaoi App/Jailaoi admin/vendor/laravel/framework/src/Illuminate/Database/Connection.php(783): Illuminate\\Database\\Connection->runQueryCallback('alter table `tb...', Array, Object(Closure))
#3 /Users/moldokipgen/Projects/JAILAOI/Jailaoi App/Jailaoi admin/vendor/laravel/framework/src/Illuminate/Database/Connection.php(576): Illuminate\\Database\\Connection->run('alter table `tb...', Array, Object(Closure))
#4 /Users/moldokipgen/Projects/JAILAOI/Jailaoi App/Jailaoi admin/vendor/laravel/framework/src/Illuminate/Database/Schema/Blueprint.php(110): Illuminate\\Database\\Connection->statement('alter table `tb...')
#5 /Users/moldokipgen/Projects/JAILAOI/Jailaoi App/Jailaoi admin/vendor/laravel/framework/src/Illuminate/Database/Schema/Builder.php(602): Illuminate\\Database\\Schema\\Blueprint->build(Object(Illuminate\\Database\\MySqlConnection), Object(Illuminate\\Database\\Schema\\Grammars\\MySqlGrammar))
#6 /Users/moldokipgen/Projects/JAILAOI/Jailaoi App/Jailaoi admin/vendor/laravel/framework/src/Illuminate/Database/Schema/Builder.php(444): Illuminate\\Database\\Schema\\Builder->build(Object(Illuminate\\Database\\Schema\\Blueprint))
#7 /Users/moldokipgen/Projects/JAILAOI/Jailaoi App/Jailaoi admin/vendor/laravel/framework/src/Illuminate/Support/Facades/Facade.php(355): Illuminate\\Database\\Schema\\Builder->table('tbl_content', Object(Closure))
#8 /Users/moldokipgen/Projects/JAILAOI/Jailaoi App/Jailaoi admin/database/migrations/2025_05_30_000001_create_album_and_music_features.php(27): Illuminate\\Support\\Facades\\Facade::__callStatic('table', Array)
#9 /Users/moldokipgen/Projects/JAILAOI/Jailaoi App/Jailaoi admin/vendor/laravel/framework/src/Illuminate/Database/Migrations/Migrator.php(501): Illuminate\\Database\\Migrations\\Migration@anonymous->up()
#10 /Users/moldokipgen/Projects/JAILAOI/Jailaoi App/Jailaoi admin/vendor/laravel/framework/src/Illuminate/Database/Migrations/Migrator.php(418): Illuminate\\Database\\Migrations\\Migrator->runMethod(Object(Illuminate\\Database\\MySqlConnection), Object(Illuminate\\Database\\Migrations\\Migration@anonymous), 'up')
#11 /Users/moldokipgen/Projects/JAILAOI/Jailaoi App/Jailaoi admin/vendor/laravel/framework/src/Illuminate/Database/Migrations/Migrator.php(427): Illuminate\\Database\\Migrations\\Migrator->{closure:Illuminate\\Database\\Migrations\\Migrator::runMigration():414}()
#12 /Users/moldokipgen/Projects/JAILAOI/Jailaoi App/Jailaoi admin/vendor/laravel/framework/src/Illuminate/Database/Migrations/Migrator.php(224): Illuminate\\Database\\Migrations\\Migrator->runMigration(Object(Illuminate\\Database\\Migrations\\Migration@anonymous), 'up')
#13 /Users/moldokipgen/Projects/JAILAOI/Jailaoi App/Jailaoi admin/vendor/laravel/framework/src/Illuminate/Console/View/Components/Task.php(37): Illuminate\\Database\\Migrations\\Migrator->{closure:Illuminate\\Database\\Migrations\\Migrator::runUp():224}()
#14 /Users/moldokipgen/Projects/JAILAOI/Jailaoi App/Jailaoi admin/vendor/laravel/framework/src/Illuminate/Database/Migrations/Migrator.php(783): Illuminate\\Console\\View\\Components\\Task->render('2025_05_30_0000...', Object(Closure))
#15 /Users/moldokipgen/Projects/JAILAOI/Jailaoi App/Jailaoi admin/vendor/laravel/framework/src/Illuminate/Database/Migrations/Migrator.php(224): Illuminate\\Database\\Migrations\\Migrator->write('Illuminate\\\\Cons...', '2025_05_30_0000...', Object(Closure))
#16 /Users/moldokipgen/Projects/JAILAOI/Jailaoi App/Jailaoi admin/vendor/laravel/framework/src/Illuminate/Database/Migrations/Migrator.php(189): Illuminate\\Database\\Migrations\\Migrator->runUp('/Users/moldokip...', 6, false)
#17 /Users/moldokipgen/Projects/JAILAOI/Jailaoi App/Jailaoi admin/vendor/laravel/framework/src/Illuminate/Database/Migrations/Migrator.php(132): Illuminate\\Database\\Migrations\\Migrator->runPending(Array, Array)
#18 /Users/moldokipgen/Projects/JAILAOI/Jailaoi App/Jailaoi admin/vendor/laravel/framework/src/Illuminate/Database/Console/Migrations/MigrateCommand.php(90): Illuminate\\Database\\Migrations\\Migrator->run(Array, Array)
#19 /Users/moldokipgen/Projects/JAILAOI/Jailaoi App/Jailaoi admin/vendor/laravel/framework/src/Illuminate/Database/Migrations/Migrator.php(641): Illuminate\\Database\\Console\\Migrations\\MigrateCommand->{closure:Illuminate\\Database\\Console\\Migrations\\MigrateCommand::handle():83}()
#20 /Users/moldokipgen/Projects/JAILAOI/Jailaoi App/Jailaoi admin/vendor/laravel/framework/src/Illuminate/Database/Console/Migrations/MigrateCommand.php(83): Illuminate\\Database\\Migrations\\Migrator->usingConnection(NULL, Object(Closure))
#21 /Users/moldokipgen/Projects/JAILAOI/Jailaoi App/Jailaoi admin/vendor/laravel/framework/src/Illuminate/Container/BoundMethod.php(36): Illuminate\\Database\\Console\\Migrations\\MigrateCommand->handle()
#22 /Users/moldokipgen/Projects/JAILAOI/Jailaoi App/Jailaoi admin/vendor/laravel/framework/src/Illuminate/Container/Util.php(41): Illuminate\\Container\\BoundMethod::{closure:Illuminate\\Container\\BoundMethod::call():35}()
#23 /Users/moldokipgen/Projects/JAILAOI/Jailaoi App/Jailaoi admin/vendor/laravel/framework/src/Illuminate/Container/BoundMethod.php(93): Illuminate\\Container\\Util::unwrapIfClosure(Object(Closure))
#24 /Users/moldokipgen/Projects/JAILAOI/Jailaoi App/Jailaoi admin/vendor/laravel/framework/src/Illuminate/Container/BoundMethod.php(35): Illuminate\\Container\\BoundMethod::callBoundMethod(Object(Illuminate\\Foundation\\Application), Array, Object(Closure))
#25 /Users/moldokipgen/Projects/JAILAOI/Jailaoi App/Jailaoi admin/vendor/laravel/framework/src/Illuminate/Container/Container.php(662): Illuminate\\Container\\BoundMethod::call(Object(Illuminate\\Foundation\\Application), Array, Array, NULL)
#26 /Users/moldokipgen/Projects/JAILAOI/Jailaoi App/Jailaoi admin/vendor/laravel/framework/src/Illuminate/Console/Command.php(211): Illuminate\\Container\\Container->call(Array)
#27 /Users/moldokipgen/Projects/JAILAOI/Jailaoi App/Jailaoi admin/vendor/symfony/console/Command/Command.php(326): Illuminate\\Console\\Command->execute(Object(Symfony\\Component\\Console\\Input\\ArgvInput), Object(Illuminate\\Console\\OutputStyle))
#28 /Users/moldokipgen/Projects/JAILAOI/Jailaoi App/Jailaoi admin/vendor/laravel/framework/src/Illuminate/Console/Command.php(180): Symfony\\Component\\Console\\Command\\Command->run(Object(Symfony\\Component\\Console\\Input\\ArgvInput), Object(Illuminate\\Console\\OutputStyle))
#29 /Users/moldokipgen/Projects/JAILAOI/Jailaoi App/Jailaoi admin/vendor/symfony/console/Application.php(1106): Illuminate\\Console\\Command->run(Object(Symfony\\Component\\Console\\Input\\ArgvInput), Object(Symfony\\Component\\Console\\Output\\ConsoleOutput))
#30 /Users/moldokipgen/Projects/JAILAOI/Jailaoi App/Jailaoi admin/vendor/symfony/console/Application.php(324): Symfony\\Component\\Console\\Application->doRunCommand(Object(Illuminate\\Database\\Console\\Migrations\\MigrateCommand), Object(Symfony\\Component\\Console\\Input\\ArgvInput), Object(Symfony\\Component\\Console\\Output\\ConsoleOutput))
#31 /Users/moldokipgen/Projects/JAILAOI/Jailaoi App/Jailaoi admin/vendor/symfony/console/Application.php(175): Symfony\\Component\\Console\\Application->doRun(Object(Symfony\\Component\\Console\\Input\\ArgvInput), Object(Symfony\\Component\\Console\\Output\\ConsoleOutput))
#32 /Users/moldokipgen/Projects/JAILAOI/Jailaoi App/Jailaoi admin/vendor/laravel/framework/src/Illuminate/Foundation/Console/Kernel.php(201): Symfony\\Component\\Console\\Application->run(Object(Symfony\\Component\\Console\\Input\\ArgvInput), Object(Symfony\\Component\\Console\\Output\\ConsoleOutput))
#33 /Users/moldokipgen/Projects/JAILAOI/Jailaoi App/Jailaoi admin/artisan(35): Illuminate\\Foundation\\Console\\Kernel->handle(Object(Symfony\\Component\\Console\\Input\\ArgvInput), Object(Symfony\\Component\\Console\\Output\\ConsoleOutput))
#34 {main}
"} 
